Build started 27.03.2018 15:59:26.
     1>Project "c:\Users\student\documents\visual studio 2013\Projects\ConsoleApplication7\ConsoleApplication7\ConsoleApplication7.vcxproj" on node 2 (Build target(s)).
     1>ClCompile:
         C:\Program Files (x86)\Microsoft Visual Studio 12.0\VC\bin\CL.exe /c /ZI /nologo /W3 /WX- /sdl /Od /Oy- /D WIN32 /D _DEBUG /D _CONSOLE /D _LIB /D _UNICODE /D UNICODE /Gm /EHsc /RTC1 /MDd /GS /fp:precise /Zc:wchar_t /Zc:forScope /Yu"stdafx.h" /Fp"Debug\ConsoleApplication7.pch" /Fo"Debug\\" /Fd"Debug\vc120.pdb" /Gd /TP /analyze- /errorReport:prompt ConsoleApplication7.cpp
         ConsoleApplication7.cpp
     1>c:\users\student\documents\visual studio 2013\projects\consoleapplication7\consoleapplication7\consoleapplication7.cpp(144): error C2660: 'fopen_s' : function does not take 2 arguments
     1>Done Building Project "c:\Users\student\documents\visual studio 2013\Projects\ConsoleApplication7\ConsoleApplication7\ConsoleApplication7.vcxproj" (Build target(s)) -- FAILED.

Build FAILED.

Time Elapsed 00:00:00.65
