Build started 11.04.2018 13:13:23.
     1>Project "C:\Users\student\Documents\Visual Studio 2013\Projects\ConsoleApplication7\ConsoleApplication7\ConsoleApplication7.vcxproj" on node 2 (Build target(s)).
     1>Link:
         C:\Program Files (x86)\Microsoft Visual Studio 12.0\VC\bin\link.exe /ERRORREPORT:PROMPT /OUT:"C:\Users\student\Documents\Visual Studio 2013\Projects\ConsoleApplication7\Release\ConsoleApplication7.exe" /INCREMENTAL:NO /NOLOGO kernel32.lib user32.lib gdi32.lib winspool.lib comdlg32.lib advapi32.lib shell32.lib ole32.lib oleaut32.lib uuid.lib odbc32.lib odbccp32.lib /MANIFEST /MANIFESTUAC:"level='asInvoker' uiAccess='false'" /manifest:embed /DEBUG /PDB:"C:\Users\student\Documents\Visual Studio 2013\Projects\ConsoleApplication7\Release\ConsoleApplication7.pdb" /SUBSYSTEM:CONSOLE /OPT:REF /OPT:ICF /LTCG /TLBID:1 /DYNAMICBASE /NXCOMPAT /IMPLIB:"C:\Users\student\Documents\Visual Studio 2013\Projects\ConsoleApplication7\Release\ConsoleApplication7.lib" /MACHINE:X86 /SAFESEH Release\ConsoleApplication7.obj
         Release\stdafx.obj
     1>LINK : fatal error LNK1104: cannot open file 'C:\Users\student\Documents\Visual Studio 2013\Projects\ConsoleApplication7\Release\ConsoleApplication7.exe'
     1>Done Building Project "C:\Users\student\Documents\Visual Studio 2013\Projects\ConsoleApplication7\ConsoleApplication7\ConsoleApplication7.vcxproj" (Build target(s)) -- FAILED.

Build FAILED.

Time Elapsed 00:00:00.17
